<?xml version="1.0" encoding="UTF-8"?>
<!-- Generated by org.testng.reporters.JUnitReportReporter -->
<testsuite hostname="FFE-Gayatri" failures="0" tests="1" name="Working_with_extent.Working_with_extent_reports" time="1.636" errors="0" timestamp="2023-11-24T05:27:35 IST" skipped="0">
  <testcase classname="Working_with_extent.Working_with_extent_reports" name="demotest" time="1.636"/>
  <system-out/>
</testsuite> <!-- Working_with_extent.Working_with_extent_reports -->
