<?xml version="1.0" encoding="UTF-8"?>
<!-- Generated by org.testng.reporters.JUnitReportReporter -->
<testsuite hostname="FFE-Gayatri" failures="0" tests="2" name="Working_with_dataprovider.multipledata" time="8.205" errors="0" timestamp="2023-11-19T09:37:40 IST" skipped="0">
  <testcase classname="Working_with_dataprovider.multipledata" name="login" time="3.239"/>
  <system-out/>
  <testcase classname="Working_with_dataprovider.multipledata" name="login" time="4.966"/>
  <system-out/>
</testsuite> <!-- Working_with_dataprovider.multipledata -->
