<?xml version="1.0" encoding="UTF-8"?>
<!-- Generated by org.testng.reporters.JUnitReportReporter -->
<testsuite hostname="FFE-Gayatri" failures="0" tests="2" name="working_with_testng.Working_with_enabled" time="4.445" errors="0" timestamp="2023-11-17T07:06:52 IST" skipped="1">
  <testcase classname="working_with_testng.Working_with_enabled" name="demowebshop" time="4.445"/>
  <system-out>
launched demo webshop  </system-out>
  <testcase classname="working_with_testng.Working_with_enabled" name="skillrary">
    <skipped/>
  </testcase> <!-- skillrary -->
  <system-out/>
</testsuite> <!-- working_with_testng.Working_with_enabled -->
