<?xml version="1.0" encoding="UTF-8"?>
<!-- Generated by org.testng.reporters.JUnitReportReporter -->
<testsuite hostname="FFE-Gayatri" failures="0" tests="2" name="working_with_testng.TC001" time="7.480" errors="0" timestamp="2023-11-17T06:56:32 IST" skipped="0">
  <testcase classname="working_with_testng.TC001" name="skillrary" time="3.794"/>
  <system-out>
launched skillary  </system-out>
  <testcase classname="working_with_testng.TC001" name="demowebshop" time="3.686"/>
  <system-out>
launched demo webshop  </system-out>
</testsuite> <!-- working_with_testng.TC001 -->
