<?xml version="1.0" encoding="UTF-8"?>
<!-- Generated by org.testng.reporters.JUnitReportReporter -->
<testsuite hostname="FFE-Gayatri" failures="0" tests="3" name="working_with_testng.working_with_threadpoolsize" time="9.552" errors="0" timestamp="2023-11-17T07:04:52 IST" skipped="0">
  <testcase classname="working_with_testng.working_with_threadpoolsize" name="skillrary" time="2.655"/>
  <system-out>
launched skillary  </system-out>
  <testcase classname="working_with_testng.working_with_threadpoolsize" name="skillrary" time="2.471"/>
  <system-out>
launched skillary  </system-out>
  <testcase classname="working_with_testng.working_with_threadpoolsize" name="demowebshop" time="4.426"/>
  <system-out>
launched demo webshop  </system-out>
</testsuite> <!-- working_with_testng.working_with_threadpoolsize -->
