<?xml version="1.0" encoding="UTF-8"?>
<!-- Generated by org.testng.reporters.JUnitReportReporter -->
<testsuite hostname="FFE-Gayatri" failures="0" tests="2" name="working_with_testng.Working_with_dependsonmethods" time="0.008" errors="0" timestamp="2023-11-17T07:23:19 IST" skipped="0">
  <testcase classname="working_with_testng.Working_with_dependsonmethods" name="register" time="0.006"/>
  <system-out>
User registered successfully  </system-out>
  <testcase classname="working_with_testng.Working_with_dependsonmethods" name="login" time="0.002"/>
  <system-out>
user logged in successfully  </system-out>
</testsuite> <!-- working_with_testng.Working_with_dependsonmethods -->
