<?xml version="1.0" encoding="UTF-8"?>
<!-- Generated by org.testng.reporters.JUnitReportReporter -->
<testsuite hostname="FFE-Gayatri" failures="0" tests="3" name="working_with_testng.Working_with_invocationcount" time="9.785" errors="0" timestamp="2023-11-17T07:01:37 IST" skipped="0">
  <testcase classname="working_with_testng.Working_with_invocationcount" name="skillrary" time="2.135"/>
  <system-out>
launched skillary  </system-out>
  <testcase classname="working_with_testng.Working_with_invocationcount" name="skillrary" time="1.914"/>
  <system-out>
launched skillary  </system-out>
  <testcase classname="working_with_testng.Working_with_invocationcount" name="demowebshop" time="5.736"/>
  <system-out>
launched demo webshop  </system-out>
</testsuite> <!-- working_with_testng.Working_with_invocationcount -->
