<?xml version="1.0" encoding="UTF-8"?>
<!-- Generated by org.testng.reporters.JUnitReportReporter -->
<testsuite hostname="FFE-Gayatri" failures="0" tests="1" name="Working_with_chronologicalorder.TC001" time="3.799" errors="0" timestamp="2023-11-19T08:40:44 IST" skipped="0">
  <testcase classname="Working_with_chronologicalorder.TC001" name="addproduct" time="3.799"/>
  <system-out>
product added to cart successfuly  </system-out>
</testsuite> <!-- Working_with_chronologicalorder.TC001 -->
