<?xml version="1.0" encoding="UTF-8"?>
<!-- Generated by org.testng.reporters.JUnitReportReporter -->
<testsuite hostname="FFE-Gayatri" failures="0" tests="1" name="Working_with_parameters.crossbrowser" time="11.165" errors="0" timestamp="2023-11-19T10:13:04 IST" skipped="0">
  <testcase classname="Working_with_parameters.crossbrowser" name="demo" time="11.165"/>
  <system-out/>
</testsuite> <!-- Working_with_parameters.crossbrowser -->
