<?xml version="1.0" encoding="UTF-8"?>
<!-- Generated by org.testng.reporters.JUnitReportReporter -->
<testsuite hostname="FFE-Gayatri" failures="0" tests="1" name="Working_with_extent.add_screenshot_in_extentreport" time="51.856" errors="0" timestamp="2023-11-24T05:46:52 IST" skipped="0">
  <testcase classname="Working_with_extent.add_screenshot_in_extentreport" name="screenshot" time="51.856"/>
  <system-out/>
</testsuite> <!-- Working_with_extent.add_screenshot_in_extentreport -->
