<?xml version="1.0" encoding="UTF-8"?>
<!-- Generated by org.testng.reporters.JUnitReportReporter -->
<testsuite hostname="FFE-Gayatri" failures="0" tests="1" name="working_with_suites.Navigate_to_demowebshop" time="7.179" errors="0" timestamp="2023-11-17T07:43:31 IST" skipped="0">
  <testcase classname="working_with_suites.Navigate_to_demowebshop" name="demowebshop" time="7.179"/>
  <system-out>
launched demo webshop  </system-out>
</testsuite> <!-- working_with_suites.Navigate_to_demowebshop -->
