<?xml version="1.0" encoding="UTF-8"?>
<!-- Generated by org.testng.reporters.JUnitReportReporter -->
<testsuite hostname="FFE-Gayatri" failures="0" tests="1" name="working_with_batchexecution.Navigate_to_skillrary" time="1.854" errors="0" timestamp="2023-11-17T07:39:20 IST" skipped="0">
  <testcase classname="working_with_batchexecution.Navigate_to_skillrary" name="skillrary" time="1.854"/>
  <system-out>
launched skillary  </system-out>
</testsuite> <!-- working_with_batchexecution.Navigate_to_skillrary -->
