<?xml version="1.0" encoding="UTF-8"?>
<!-- Generated by org.testng.reporters.JUnitReportReporter -->
<testsuite hostname="FFE-Gayatri" failures="0" tests="1" name="working_with_batchexecution.Navigate_to_amazon" time="4.001" errors="0" timestamp="2023-11-17T07:39:20 IST" skipped="0">
  <testcase classname="working_with_batchexecution.Navigate_to_amazon" name="demowebshop" time="4.001"/>
  <system-out>
launched amazon  </system-out>
</testsuite> <!-- working_with_batchexecution.Navigate_to_amazon -->
